# JRE version: OpenJDK Runtime Environment (11.0.11+9) (build 11.0.11+9-Ubuntu-0ubuntu2.20.04)
# Java VM: OpenJDK 64-Bit Server VM (11.0.11+9-Ubuntu-0ubuntu2.20.04, mixed mode, sharing, tiered, compressed oops, g1 gc, linux-amd64)
Heap:
 garbage-first heap   total 157696K, used 111770K [0x00000000c3000000, 0x0000000100000000)
  region size 1024K, 56 young (57344K), 3 survivors (3072K)
 Metaspace       used 46656K, capacity 47675K, committed 48000K, reserved 1091584K
  class space    used 6024K, capacity 6453K, committed 6528K, reserved 1048576K
GC Heap History (20 events):
Event: 1.537 GC heap before
{Heap before GC invocations=5 (full 0):
 garbage-first heap   total 89088K, used 56159K [0x00000000c3000000, 0x0000000100000000)
  region size 1024K, 52 young (53248K), 3 survivors (3072K)
 Metaspace       used 15034K, capacity 16448K, committed 16768K, reserved 1064960K
  class space    used 1712K, capacity 1917K, committed 1920K, reserved 1048576K
}
Event: 1.554 GC heap after
{Heap after GC invocations=6 (full 0):
 garbage-first heap   total 89088K, used 9858K [0x00000000c3000000, 0x0000000100000000)
  region size 1024K, 7 young (7168K), 7 survivors (7168K)
 Metaspace       used 15034K, capacity 16448K, committed 16768K, reserved 1064960K
  class space    used 1712K, capacity 1917K, committed 1920K, reserved 1048576K
}
Event: 1.933 GC heap before
{Heap before GC invocations=6 (full 0):
 garbage-first heap   total 89088K, used 55938K [0x00000000c3000000, 0x0000000100000000)
  region size 1024K, 52 young (53248K), 7 survivors (7168K)
 Metaspace       used 15497K, capacity 16852K, committed 17152K, reserved 1064960K
  class space    used 1718K, capacity 1924K, committed 2048K, reserved 1048576K
}
Event: 1.946 GC heap after
{Heap after GC invocations=7 (full 0):
 garbage-first heap   total 89088K, used 13500K [0x00000000c3000000, 0x0000000100000000)
  region size 1024K, 4 young (4096K), 4 survivors (4096K)
 Metaspace       used 15497K, capacity 16852K, committed 17152K, reserved 1064960K
  class space    used 1718K, capacity 1924K, committed 2048K, reserved 1048576K
}
Event: 2.120 GC heap before
{Heap before GC invocations=7 (full 0):
 garbage-first heap   total 89088K, used 61628K [0x00000000c3000000, 0x0000000100000000)
  region size 1024K, 51 young (52224K), 4 survivors (4096K)
 Metaspace       used 15707K, capacity 17019K, committed 17408K, reserved 1064960K
  class space    used 1720K, capacity 1958K, committed 2048K, reserved 1048576K
}
Event: 2.127 GC heap after
{Heap after GC invocations=8 (full 0):
 garbage-first heap   total 89088K, used 15548K [0x00000000c3000000, 0x0000000100000000)
  region size 1024K, 6 young (6144K), 6 survivors (6144K)
 Metaspace       used 15707K, capacity 17019K, committed 17408K, reserved 1064960K
  class space    used 1720K, capacity 1958K, committed 2048K, reserved 1048576K
}
Event: 2.262 GC heap before
{Heap before GC invocations=8 (full 0):
 garbage-first heap   total 89088K, used 62652K [0x00000000c3000000, 0x0000000100000000)
  region size 1024K, 52 young (53248K), 6 survivors (6144K)
 Metaspace       used 15895K, capacity 17152K, committed 17408K, reserved 1064960K
  class space    used 1721K, capacity 1959K, committed 2048K, reserved 1048576K
}
Event: 2.271 GC heap after
{Heap after GC invocations=9 (full 0):
 garbage-first heap   total 125952K, used 19216K [0x00000000c3000000, 0x0000000100000000)
  region size 1024K, 7 young (7168K), 7 survivors (7168K)
 Metaspace       used 15895K, capacity 17152K, committed 17408K, reserved 1064960K
  class space    used 1721K, capacity 1959K, committed 2048K, reserved 1048576K
}
Event: 2.785 GC heap before
{Heap before GC invocations=9 (full 0):
 garbage-first heap   total 125952K, used 96016K [0x00000000c3000000, 0x0000000100000000)
  region size 1024K, 64 young (65536K), 7 survivors (7168K)
 Metaspace       used 16842K, capacity 17948K, committed 18176K, reserved 1064960K
  class space    used 1803K, capacity 2035K, committed 2048K, reserved 1048576K
}
Event: 2.793 GC heap after
{Heap after GC invocations=10 (full 0):
 garbage-first heap   total 125952K, used 51406K [0x00000000c3000000, 0x0000000100000000)
  region size 1024K, 8 young (8192K), 8 survivors (8192K)
 Metaspace       used 16842K, capacity 17948K, committed 18176K, reserved 1064960K
  class space    used 1803K, capacity 2035K, committed 2048K, reserved 1048576K
}
Event: 2.969 GC heap before
{Heap before GC invocations=10 (full 0):
 garbage-first heap   total 125952K, used 92366K [0x00000000c3000000, 0x0000000100000000)
  region size 1024K, 49 young (50176K), 8 survivors (8192K)
 Metaspace       used 20316K, capacity 20969K, committed 21248K, reserved 1069056K
  class space    used 2289K, capacity 2511K, committed 2560K, reserved 1048576K
}
Event: 2.974 GC heap after
{Heap after GC invocations=11 (full 0):
 garbage-first heap   total 125952K, used 53429K [0x00000000c3000000, 0x0000000100000000)
  region size 1024K, 2 young (2048K), 2 survivors (2048K)
 Metaspace       used 20316K, capacity 20969K, committed 21248K, reserved 1069056K
  class space    used 2289K, capacity 2511K, committed 2560K, reserved 1048576K
}
Event: 3.010 GC heap before
{Heap before GC invocations=11 (full 0):
 garbage-first heap   total 125952K, used 58549K [0x00000000c3000000, 0x0000000100000000)
  region size 1024K, 8 young (8192K), 2 survivors (2048K)
 Metaspace       used 20573K, capacity 21139K, committed 21248K, reserved 1069056K
  class space    used 2325K, capacity 2544K, committed 2560K, reserved 1048576K
}
Event: 3.019 GC heap after
{Heap after GC invocations=12 (full 0):
 garbage-first heap   total 125952K, used 52829K [0x00000000c3000000, 0x0000000100000000)
  region size 1024K, 1 young (1024K), 1 survivors (1024K)
 Metaspace       used 20573K, capacity 21139K, committed 21248K, reserved 1069056K
  class space    used 2325K, capacity 2544K, committed 2560K, reserved 1048576K
}
Event: 3.548 GC heap before
{Heap before GC invocations=13 (full 0):
 garbage-first heap   total 125952K, used 96861K [0x00000000c3000000, 0x0000000100000000)
  region size 1024K, 44 young (45056K), 1 survivors (1024K)
 Metaspace       used 27437K, capacity 28189K, committed 28416K, reserved 1075200K
  class space    used 3209K, capacity 3482K, committed 3584K, reserved 1048576K
}
Event: 3.564 GC heap after
{Heap after GC invocations=14 (full 0):
 garbage-first heap   total 125952K, used 56588K [0x00000000c3000000, 0x0000000100000000)
  region size 1024K, 5 young (5120K), 5 survivors (5120K)
 Metaspace       used 27437K, capacity 28189K, committed 28416K, reserved 1075200K
  class space    used 3209K, capacity 3482K, committed 3584K, reserved 1048576K
}
Event: 3.841 GC heap before
{Heap before GC invocations=15 (full 0):
 garbage-first heap   total 125952K, used 98572K [0x00000000c3000000, 0x0000000100000000)
  region size 1024K, 46 young (47104K), 5 survivors (5120K)
 Metaspace       used 31378K, capacity 32167K, committed 32384K, reserved 1077248K
  class space    used 3657K, capacity 3933K, committed 3968K, reserved 1048576K
}
Event: 3.847 GC heap after
{Heap after GC invocations=16 (full 0):
 garbage-first heap   total 157696K, used 57072K [0x00000000c3000000, 0x0000000100000000)
  region size 1024K, 1 young (1024K), 1 survivors (1024K)
 Metaspace       used 31378K, capacity 32167K, committed 32384K, reserved 1077248K
  class space    used 3657K, capacity 3933K, committed 3968K, reserved 1048576K
}
Event: 26.769 GC heap before
{Heap before GC invocations=16 (full 0):
 garbage-first heap   total 157696K, used 111344K [0x00000000c3000000, 0x0000000100000000)
  region size 1024K, 55 young (56320K), 1 survivors (1024K)
 Metaspace       used 42301K, capacity 43332K, committed 43776K, reserved 1087488K
  class space    used 5401K, capacity 5814K, committed 5888K, reserved 1048576K
}
Event: 26.773 GC heap after
{Heap after GC invocations=17 (full 0):
 garbage-first heap   total 157696K, used 58522K [0x00000000c3000000, 0x0000000100000000)
  region size 1024K, 3 young (3072K), 3 survivors (3072K)
 Metaspace       used 42301K, capacity 43332K, committed 43776K, reserved 1087488K
  class space    used 5401K, capacity 5814K, committed 5888K, reserved 1048576K
}

