# JRE version: OpenJDK Runtime Environment (11.0.11+9) (build 11.0.11+9-Ubuntu-0ubuntu2.20.04)
# Java VM: OpenJDK 64-Bit Server VM (11.0.11+9-Ubuntu-0ubuntu2.20.04, mixed mode, sharing, tiered, compressed oops, g1 gc, linux-amd64)
Heap:
 garbage-first heap   total 155648K, used 107167K [0x00000000c3000000, 0x0000000100000000)
  region size 1024K, 50 young (51200K), 2 survivors (2048K)
 Metaspace       used 45992K, capacity 46971K, committed 47484K, reserved 1089536K
  class space    used 6004K, capacity 6453K, committed 6524K, reserved 1048576K
GC Heap History (20 events):
Event: 1.688 GC heap before
{Heap before GC invocations=4 (full 0):
 garbage-first heap   total 65536K, used 35796K [0x00000000c3000000, 0x0000000100000000)
  region size 1024K, 32 young (32768K), 2 survivors (2048K)
 Metaspace       used 12950K, capacity 14713K, committed 15232K, reserved 1062912K
  class space    used 1569K, capacity 1810K, committed 1920K, reserved 1048576K
}
Event: 1.697 GC heap after
{Heap after GC invocations=5 (full 0):
 garbage-first heap   total 117760K, used 6042K [0x00000000c3000000, 0x0000000100000000)
  region size 1024K, 3 young (3072K), 3 survivors (3072K)
 Metaspace       used 12950K, capacity 14713K, committed 15232K, reserved 1062912K
  class space    used 1569K, capacity 1810K, committed 1920K, reserved 1048576K
}
Event: 2.094 GC heap before
{Heap before GC invocations=5 (full 0):
 garbage-first heap   total 117760K, used 45978K [0x00000000c3000000, 0x0000000100000000)
  region size 1024K, 42 young (43008K), 3 survivors (3072K)
 Metaspace       used 14748K, capacity 16307K, committed 16768K, reserved 1064960K
  class space    used 1710K, capacity 1913K, committed 1920K, reserved 1048576K
}
Event: 2.110 GC heap after
{Heap after GC invocations=6 (full 0):
 garbage-first heap   total 117760K, used 9334K [0x00000000c3000000, 0x0000000100000000)
  region size 1024K, 6 young (6144K), 6 survivors (6144K)
 Metaspace       used 14748K, capacity 16307K, committed 16768K, reserved 1064960K
  class space    used 1710K, capacity 1913K, committed 1920K, reserved 1048576K
}
Event: 2.469 GC heap before
{Heap before GC invocations=6 (full 0):
 garbage-first heap   total 117760K, used 60534K [0x00000000c3000000, 0x0000000100000000)
  region size 1024K, 56 young (57344K), 6 survivors (6144K)
 Metaspace       used 15236K, capacity 16660K, committed 17152K, reserved 1064960K
  class space    used 1718K, capacity 1924K, committed 2048K, reserved 1048576K
}
Event: 2.485 GC heap after
{Heap after GC invocations=7 (full 0):
 garbage-first heap   total 117760K, used 13300K [0x00000000c3000000, 0x0000000100000000)
  region size 1024K, 7 young (7168K), 7 survivors (7168K)
 Metaspace       used 15236K, capacity 16660K, committed 17152K, reserved 1064960K
  class space    used 1718K, capacity 1924K, committed 2048K, reserved 1048576K
}
Event: 2.825 GC heap before
{Heap before GC invocations=7 (full 0):
 garbage-first heap   total 117760K, used 70644K [0x00000000c3000000, 0x0000000100000000)
  region size 1024K, 63 young (64512K), 7 survivors (7168K)
 Metaspace       used 15547K, capacity 16954K, committed 17408K, reserved 1064960K
  class space    used 1720K, capacity 1958K, committed 2048K, reserved 1048576K
}
Event: 2.836 GC heap after
{Heap after GC invocations=8 (full 0):
 garbage-first heap   total 117760K, used 16288K [0x00000000c3000000, 0x0000000100000000)
  region size 1024K, 7 young (7168K), 7 survivors (7168K)
 Metaspace       used 15547K, capacity 16954K, committed 17408K, reserved 1064960K
  class space    used 1720K, capacity 1958K, committed 2048K, reserved 1048576K
}
Event: 3.151 GC heap before
{Heap before GC invocations=8 (full 0):
 garbage-first heap   total 117760K, used 79776K [0x00000000c3000000, 0x0000000100000000)
  region size 1024K, 69 young (70656K), 7 survivors (7168K)
 Metaspace       used 15908K, capacity 17215K, committed 17664K, reserved 1064960K
  class space    used 1729K, capacity 1959K, committed 2048K, reserved 1048576K
}
Event: 3.168 GC heap after
{Heap after GC invocations=9 (full 0):
 garbage-first heap   total 155648K, used 20716K [0x00000000c3000000, 0x0000000100000000)
  region size 1024K, 8 young (8192K), 8 survivors (8192K)
 Metaspace       used 15908K, capacity 17215K, committed 17664K, reserved 1064960K
  class space    used 1729K, capacity 1959K, committed 2048K, reserved 1048576K
}
Event: 3.645 GC heap before
{Heap before GC invocations=9 (full 0):
 garbage-first heap   total 155648K, used 112876K [0x00000000c3000000, 0x0000000100000000)
  region size 1024K, 80 young (81920K), 8 survivors (8192K)
 Metaspace       used 20131K, capacity 20831K, committed 21248K, reserved 1069056K
  class space    used 2287K, capacity 2508K, committed 2560K, reserved 1048576K
}
Event: 3.658 GC heap after
{Heap after GC invocations=10 (full 0):
 garbage-first heap   total 155648K, used 52224K [0x00000000c3000000, 0x0000000100000000)
  region size 1024K, 10 young (10240K), 10 survivors (10240K)
 Metaspace       used 20131K, capacity 20831K, committed 21248K, reserved 1069056K
  class space    used 2287K, capacity 2508K, committed 2560K, reserved 1048576K
}
Event: 3.709 GC heap before
{Heap before GC invocations=10 (full 0):
 garbage-first heap   total 155648K, used 62464K [0x00000000c3000000, 0x0000000100000000)
  region size 1024K, 21 young (21504K), 10 survivors (10240K)
 Metaspace       used 20583K, capacity 21071K, committed 21248K, reserved 1069056K
  class space    used 2346K, capacity 2549K, committed 2560K, reserved 1048576K
}
Event: 3.712 GC heap after
{Heap after GC invocations=11 (full 0):
 garbage-first heap   total 155648K, used 53960K [0x00000000c3000000, 0x0000000100000000)
  region size 1024K, 1 young (1024K), 1 survivors (1024K)
 Metaspace       used 20583K, capacity 21071K, committed 21248K, reserved 1069056K
  class space    used 2346K, capacity 2549K, committed 2560K, reserved 1048576K
}
Event: 4.095 GC heap before
{Heap before GC invocations=12 (full 0):
 garbage-first heap   total 155648K, used 96968K [0x00000000c3000000, 0x0000000100000000)
  region size 1024K, 43 young (44032K), 1 survivors (1024K)
 Metaspace       used 27116K, capacity 27868K, committed 28156K, reserved 1073152K
  class space    used 3202K, capacity 3482K, committed 3580K, reserved 1048576K
}
Event: 4.101 GC heap after
{Heap after GC invocations=13 (full 0):
 garbage-first heap   total 155648K, used 56923K [0x00000000c3000000, 0x0000000100000000)
  region size 1024K, 4 young (4096K), 4 survivors (4096K)
 Metaspace       used 27116K, capacity 27868K, committed 28156K, reserved 1073152K
  class space    used 3202K, capacity 3482K, committed 3580K, reserved 1048576K
}
Event: 4.332 GC heap before
{Heap before GC invocations=14 (full 0):
 garbage-first heap   total 155648K, used 101979K [0x00000000c3000000, 0x0000000100000000)
  region size 1024K, 48 young (49152K), 4 survivors (4096K)
 Metaspace       used 31370K, capacity 32103K, committed 32380K, reserved 1077248K
  class space    used 3679K, capacity 3933K, committed 3964K, reserved 1048576K
}
Event: 4.341 GC heap after
{Heap after GC invocations=15 (full 0):
 garbage-first heap   total 155648K, used 57984K [0x00000000c3000000, 0x0000000100000000)
  region size 1024K, 1 young (1024K), 1 survivors (1024K)
 Metaspace       used 31370K, capacity 32103K, committed 32380K, reserved 1077248K
  class space    used 3679K, capacity 3933K, committed 3964K, reserved 1048576K
}
Event: 28.362 GC heap before
{Heap before GC invocations=15 (full 0):
 garbage-first heap   total 155648K, used 104064K [0x00000000c3000000, 0x0000000100000000)
  region size 1024K, 47 young (48128K), 1 survivors (1024K)
 Metaspace       used 41424K, capacity 42340K, committed 42620K, reserved 1085440K
  class space    used 5289K, capacity 5718K, committed 5756K, reserved 1048576K
}
Event: 28.370 GC heap after
{Heap after GC invocations=16 (full 0):
 garbage-first heap   total 155648K, used 59039K [0x00000000c3000000, 0x0000000100000000)
  region size 1024K, 2 young (2048K), 2 survivors (2048K)
 Metaspace       used 41424K, capacity 42340K, committed 42620K, reserved 1085440K
  class space    used 5289K, capacity 5718K, committed 5756K, reserved 1048576K
}

